Arguments: 
  C:\Program Files\nodejs\node.exe C:\Users\Nariel\AppData\Roaming\npm\node_modules\yarn\bin\yarn.js install

PATH: 
  C:\windows\system32;C:\windows;C:\windows\System32\Wbem;C:\windows\System32\WindowsPowerShell\v1.0\;C:\windows\System32\OpenSSH\;C:\Program Files (x86)\NVIDIA Corporation\PhysX\Common;C:\Program Files\NVIDIA Corporation\NVIDIA NvDLISR;C:\Program Files\WireGuard\;C:\Program Files\Microsoft SQL Server\150\Tools\Binn\;C:\Program Files\Git\cmd;C:\Program Files\Microsoft SQL Server\Client SDK\ODBC\170\Tools\Binn\;C:\Program Files\dotnet\;C:\Program Files\Microsoft\Web Platform Installer\;C:\Program Files\Microsoft SQL Server\Client SDK\ODBC\110\Tools\Binn\;C:\Program Files (x86)\Microsoft SQL Server\120\Tools\Binn\;C:\Program Files\Microsoft SQL Server\120\Tools\Binn\;C:\Program Files\Microsoft SQL Server\120\DTS\Binn\;C:\Program Files (x86)\Microsoft SQL Server\120\Tools\Binn\ManagementStudio\;C:\Program Files (x86)\Microsoft SQL Server\120\DTS\Binn\;C:\Program Files\nodejs\;C:\Program Files (x86)\WinMerge;C:\Program Files (x86)\dotnet\;C:\Users\Nariel\AppData\Local\Microsoft\WindowsApps;C:\Users\Nariel\AppData\Local\Programs\Microsoft VS Code\bin;C:\Users\Nariel\AppData\Local\GitHubDesktop\bin;C:\Users\Nariel\.dotnet\tools;C:\Users\Nariel\AppData\Roaming\npm

Yarn version: 
  1.22.19

Node version: 
  18.12.1

Platform: 
  win32 x64

Trace: 
  Error: connect ETIMEDOUT 104.16.27.35:443
      at TCPConnectWrap.afterConnect [as oncomplete] (node:net:1300:16)

npm manifest: 
  {
    "name": "Upendo.Modules.UpendoUserManaged",
    "version": "01.00.00",
    "description": "Managed Users",
    "dnnModule": {
      "fullName": "Upendo.Modules.UpendoUserManaged",
      "friendlyName": "UpendoUserManaged Module",
      "packageName": "Upendo.Modules.UpendoUserManaged",
      "owner": {
        "name": "Upendo",
        "organization": "Upendo",
        "url": "https://upendoventures.com/.org",
        "email": "support@upendoventures.com"
      },
      "module": {
        "packageName": "Upendo.Modules.UpendoUserManaged",
        "folderName": "Upendo.Modules.UpendoUserManaged",
        "azureCompatible": "true",
        "iconFile": "DesktopModules\\MVC\\Upendo.Modules.UpendoUserManaged\\Images\\logo.png"
      },
      "tempPath": "./package",
      "packagesPath": "./_Packages",
      "pathToAssemblies": "./bin",
      "pathToScripts": "./Providers/DataProviders/SqlDataProvider",
      "pathToPublish": "./bin/_PublishedWebsites/UpendoUserManaged",
      "pathToSupplementaryFiles": "./",
      "excludeFilter": [
        "gulpfile.js",
        "web.config",
        "{bin, bin/**}",
        "{Providers, Providers/**}"
      ]
    },
    "scripts": {
      "test": "echo \"Error:no test specified\" && exit 1",
      "clean": "dotnet clean",
      "build": "dotnet build -f net462 -r win-x64&&yarn run build-client",
      "build-client": "set NODE_ENV=production&&webpack -p --config _BuildScripts/webpack.config.js",
      "package": "node _BuildScripts/dnn-package.js"
    },
    "devDependencies": {
      "archiver": "^3.0.0",
      "copy-webpack-plugin": "^4.6.0",
      "html-webpack-plugin": "^3.2.0",
      "marked": "^0.5.2",
      "webpack": "^4.27.1",
      "webpack-cli": "^3.1.2",
      "webpack-dev-server": "^3.1.10",
      "webpack-node-externals": "^1.7.2"
    }
  }

yarn manifest: 
  No manifest

Lockfile: 
  No lockfile
